-------------------------------------------------------------------------------
Test set: TestSuite
-------------------------------------------------------------------------------
Tests run: 2, Failures: 1, Errors: 0, Skipped: 0, Time elapsed: 47.067 s <<< FAILURE! - in TestSuite
baseNavigation(bluecake.validateTitle)  Time elapsed: 18.783 s  <<< FAILURE!
junit.framework.ComparisonFailure: expected:<...123...> but was:<......>
	at bluecake.validateTitle.baseNavigation(validateTitle.java:30)

