<?xml version="1.0" encoding="UTF-8"?>
<testng-results skipped="0" failed="1" ignored="0" total="2" passed="1">
  <reporter-output>
  </reporter-output>
  <suite name="Suite" duration-ms="44535" started-at="2018-06-25T01:07:45Z" finished-at="2018-06-25T01:08:30Z">
    <groups>
    </groups>
    <test name="validateMenu" duration-ms="24296" started-at="2018-06-25T01:07:45Z" finished-at="2018-06-25T01:08:09Z">
      <class name="bluecake.validateMenuBar">
        <test-method status="PASS" signature="baseNavigation()[pri:0, instance:bluecake.validateMenuBar@61df66b6]" name="baseNavigation" duration-ms="23675" started-at="2018-06-25T01:07:45Z" finished-at="2018-06-25T01:08:09Z">
          <reporter-output>
          </reporter-output>
        </test-method> <!-- baseNavigation -->
        <test-method status="PASS" signature="cleanUp()[pri:0, instance:bluecake.validateMenuBar@61df66b6]" name="cleanUp" is-config="true" duration-ms="587" started-at="2018-06-25T01:08:09Z" finished-at="2018-06-25T01:08:09Z">
          <reporter-output>
          </reporter-output>
        </test-method> <!-- cleanUp -->
      </class> <!-- bluecake.validateMenuBar -->
    </test> <!-- validateMenu -->
    <test name="validateTitle" duration-ms="20208" started-at="2018-06-25T01:08:09Z" finished-at="2018-06-25T01:08:30Z">
      <class name="bluecake.validateTitle">
        <test-method status="FAIL" signature="baseNavigation()[pri:0, instance:bluecake.validateTitle@441772e]" name="baseNavigation" duration-ms="18770" started-at="2018-06-25T01:08:09Z" finished-at="2018-06-25T01:08:28Z">
          <exception class="junit.framework.ComparisonFailure">
            <message>
              <![CDATA[expected:<...123...> but was:<......>]]>
            </message>
            <full-stacktrace>
              <![CDATA[junit.framework.ComparisonFailure: expected:<...123...> but was:<......>
at junit.framework.Assert.assertEquals(Assert.java:81)
at junit.framework.Assert.assertEquals(Assert.java:87)
at bluecake.validateTitle.baseNavigation(validateTitle.java:30)
at sun.reflect.NativeMethodAccessorImpl.invoke0(Native Method)
at sun.reflect.NativeMethodAccessorImpl.invoke(NativeMethodAccessorImpl.java:62)
at sun.reflect.DelegatingMethodAccessorImpl.invoke(DelegatingMethodAccessorImpl.java:43)
at java.lang.reflect.Method.invoke(Method.java:498)
at org.testng.internal.MethodInvocationHelper.invokeMethod(MethodInvocationHelper.java:124)
at org.testng.internal.Invoker.invokeMethod(Invoker.java:583)
at org.testng.internal.Invoker.invokeTestMethod(Invoker.java:719)
at org.testng.internal.Invoker.invokeTestMethods(Invoker.java:989)
at org.testng.internal.TestMethodWorker.invokeTestMethods(TestMethodWorker.java:125)
at org.testng.internal.TestMethodWorker.run(TestMethodWorker.java:109)
at org.testng.TestRunner.privateRun(TestRunner.java:648)
at org.testng.TestRunner.run(TestRunner.java:505)
at org.testng.SuiteRunner.runTest(SuiteRunner.java:455)
at org.testng.SuiteRunner.runSequentially(SuiteRunner.java:450)
at org.testng.SuiteRunner.privateRun(SuiteRunner.java:415)
at org.testng.SuiteRunner.run(SuiteRunner.java:364)
at org.testng.SuiteRunnerWorker.runSuite(SuiteRunnerWorker.java:52)
at org.testng.SuiteRunnerWorker.run(SuiteRunnerWorker.java:84)
at org.testng.TestNG.runSuitesSequentially(TestNG.java:1208)
at org.testng.TestNG.runSuitesLocally(TestNG.java:1137)
at org.testng.TestNG.runSuites(TestNG.java:1049)
at org.testng.TestNG.run(TestNG.java:1017)
at org.apache.maven.surefire.testng.TestNGExecutor.run(TestNGExecutor.java:283)
at org.apache.maven.surefire.testng.TestNGXmlTestSuite.execute(TestNGXmlTestSuite.java:75)
at org.apache.maven.surefire.testng.TestNGProvider.invoke(TestNGProvider.java:120)
at org.apache.maven.surefire.booter.ForkedBooter.invokeProviderInSameClassLoader(ForkedBooter.java:383)
at org.apache.maven.surefire.booter.ForkedBooter.runSuitesInProcess(ForkedBooter.java:344)
at org.apache.maven.surefire.booter.ForkedBooter.execute(ForkedBooter.java:125)
at org.apache.maven.surefire.booter.ForkedBooter.main(ForkedBooter.java:417)
]]>
            </full-stacktrace>
          </exception> <!-- junit.framework.ComparisonFailure -->
          <reporter-output>
          </reporter-output>
        </test-method> <!-- baseNavigation -->
        <test-method status="PASS" signature="cleanUp()[pri:0, instance:bluecake.validateTitle@441772e]" name="cleanUp" is-config="true" duration-ms="834" started-at="2018-06-25T01:08:29Z" finished-at="2018-06-25T01:08:30Z">
          <reporter-output>
          </reporter-output>
        </test-method> <!-- cleanUp -->
      </class> <!-- bluecake.validateTitle -->
    </test> <!-- validateTitle -->
  </suite> <!-- Suite -->
</testng-results>
