<?xml version="1.0" encoding="UTF-8"?>
<!-- Generated by org.testng.reporters.JUnitXMLReporter -->
<testsuite hostname="tangw79" ignored="0" name="Test" tests="4" failures="0" timestamp="24 Jun 2018 00:27:21 GMT" time="131.81" errors="0">
  <testcase name="baseNavigation" time="16.823" classname="bluecake.validateTitle"/>
  <testcase name="baseNavigation" time="42.264" classname="bluecake.validateMenuBar"/>
  <testcase name="baseNavigation" time="32.5" classname="bluecake.HomePage"/>
  <testcase name="baseNavigation" time="31.095" classname="bluecake.HomePage"/>
</testsuite> <!-- Test -->
