<?xml version="1.0" encoding="UTF-8"?>
<!-- Generated by org.testng.reporters.JUnitXMLReporter -->
<testsuite hostname="tangw79" ignored="0" name="validateTitle" tests="1" failures="1" timestamp="25 Jun 2018 01:08:30 GMT" time="20.208" errors="0">
  <testcase name="baseNavigation" time="18.77" classname="bluecake.validateTitle">
    <failure type="junit.framework.ComparisonFailure" message="expected:&amp;lt;...123...&amp;gt; but was:&amp;lt;......&amp;gt;">
      <![CDATA[junit.framework.ComparisonFailure: expected:<...123...> but was:<......>
at junit.framework.Assert.assertEquals(Assert.java:81)
at junit.framework.Assert.assertEquals(Assert.java:87)
at bluecake.validateTitle.baseNavigation(validateTitle.java:30)
... Removed 29 stack frames]]>
    </failure>
  </testcase> <!-- baseNavigation -->
</testsuite> <!-- validateTitle -->
